<?xml version="1.0" encoding="UTF-8"?>
<!-- Generated by org.testng.reporters.JUnitXMLReporter -->
<testsuite ignored="0" hostname="Ayush" failures="0" tests="2" name="Login to existing account" time="0.298" errors="0" timestamp="2024-06-18T16:05:11 GST">
  <testcase classname="simranphul.spotifyapp.LoginToApp" name="testInvalidPassword" time="0.0">
    <skipped/>
  </testcase> <!-- testInvalidPassword -->
  <testcase classname="simranphul.spotifyapp.LoginToApp" name="testSuccessfulLogin" time="0.001">
    <skipped/>
  </testcase> <!-- testSuccessfulLogin -->
</testsuite> <!-- Login to existing account -->
